  MyForm.cpp
C:\Program Files (x86)\Windows Kits\10\Include\10.0.19041.0\um\winuser.rh(21,1): warning C4005: RT_MANIFEST: изменение макроопределения
C:\Program Files (x86)\Windows Kits\10\Include\10.0.19041.0\um\winuser.h(282): message : см. предыдущее определение "RT_MANIFEST"
C:\Program Files (x86)\Windows Kits\10\Include\10.0.19041.0\um\winuser.rh(22,1): warning C4005: CREATEPROCESS_MANIFEST_RESOURCE_ID: изменение макроопределения
C:\Program Files (x86)\Windows Kits\10\Include\10.0.19041.0\um\winuser.h(283): message : см. предыдущее определение "CREATEPROCESS_MANIFEST_RESOURCE_ID"
C:\Program Files (x86)\Windows Kits\10\Include\10.0.19041.0\um\winuser.rh(23,1): warning C4005: ISOLATIONAWARE_MANIFEST_RESOURCE_ID: изменение макроопределения
C:\Program Files (x86)\Windows Kits\10\Include\10.0.19041.0\um\winuser.h(284): message : см. предыдущее определение "ISOLATIONAWARE_MANIFEST_RESOURCE_ID"
C:\Program Files (x86)\Windows Kits\10\Include\10.0.19041.0\um\winuser.rh(24,1): warning C4005: ISOLATIONAWARE_NOSTATICIMPORT_MANIFEST_RESOURCE_ID: изменение макроопределения
C:\Program Files (x86)\Windows Kits\10\Include\10.0.19041.0\um\winuser.h(285): message : см. предыдущее определение "ISOLATIONAWARE_NOSTATICIMPORT_MANIFEST_RESOURCE_ID"
C:\Program Files (x86)\Windows Kits\10\Include\10.0.19041.0\um\winuser.rh(25,1): warning C4005: ISOLATIONPOLICY_MANIFEST_RESOURCE_ID: изменение макроопределения
C:\Program Files (x86)\Windows Kits\10\Include\10.0.19041.0\um\winuser.h(286): message : см. предыдущее определение "ISOLATIONPOLICY_MANIFEST_RESOURCE_ID"
C:\Program Files (x86)\Windows Kits\10\Include\10.0.19041.0\um\winuser.rh(26,1): warning C4005: ISOLATIONPOLICY_BROWSER_MANIFEST_RESOURCE_ID: изменение макроопределения
C:\Program Files (x86)\Windows Kits\10\Include\10.0.19041.0\um\winuser.h(287): message : см. предыдущее определение "ISOLATIONPOLICY_BROWSER_MANIFEST_RESOURCE_ID"
C:\Program Files (x86)\Windows Kits\10\Include\10.0.19041.0\um\winuser.rh(27,1): warning C4005: MINIMUM_RESERVED_MANIFEST_RESOURCE_ID: изменение макроопределения
C:\Program Files (x86)\Windows Kits\10\Include\10.0.19041.0\um\winuser.h(288): message : см. предыдущее определение "MINIMUM_RESERVED_MANIFEST_RESOURCE_ID"
C:\Program Files (x86)\Windows Kits\10\Include\10.0.19041.0\um\winuser.rh(28,1): warning C4005: MAXIMUM_RESERVED_MANIFEST_RESOURCE_ID: изменение макроопределения
C:\Program Files (x86)\Windows Kits\10\Include\10.0.19041.0\um\winuser.h(289): message : см. предыдущее определение "MAXIMUM_RESERVED_MANIFEST_RESOURCE_ID"
C:\Users\vit_3\source\repos\AutoClicker\AutoClicker\MyForm.h(811,297): warning C4244: аргумент: преобразование "double" в "int", возможна потеря данных
C:\Users\vit_3\source\repos\AutoClicker\AutoClicker\MyForm.h(967,1): warning C4305: аргумент: усечение из "__int64" в "int"
C:\Users\vit_3\source\repos\AutoClicker\AutoClicker\MyForm.h(967,165): warning C4309: аргумент: усечение константного значения
C:\Users\vit_3\source\repos\AutoClicker\AutoClicker\MyForm.h(968,1): warning C4305: аргумент: усечение из "__int64" в "int"
C:\Users\vit_3\source\repos\AutoClicker\AutoClicker\MyForm.h(968,165): warning C4309: аргумент: усечение константного значения
C:\Users\vit_3\source\repos\AutoClicker\AutoClicker\MyForm.h(969,1): warning C4305: аргумент: усечение из "__int64" в "int"
C:\Users\vit_3\source\repos\AutoClicker\AutoClicker\MyForm.h(969,165): warning C4309: аргумент: усечение константного значения
C:\Users\vit_3\source\repos\AutoClicker\AutoClicker\MyForm.h(1053,1): warning C4302: приведение типов: усечение из "LPWSTR" к "WORD"
C:\Users\vit_3\source\repos\AutoClicker\AutoClicker\MyForm.h(1054,1): warning C4302: приведение типов: усечение из "LPWSTR" к "WORD"
C:\Users\vit_3\source\repos\AutoClicker\AutoClicker\MyForm.h(1306,46): warning C4244: =: преобразование "DWORD" в "WORD", возможна потеря данных
C:\Users\vit_3\source\repos\AutoClicker\AutoClicker\MyForm.h(1313,46): warning C4244: =: преобразование "DWORD" в "WORD", возможна потеря данных
C:\Users\vit_3\source\repos\AutoClicker\AutoClicker\MyForm.h(1331,37): warning C4244: аргумент: преобразование "__int64" в "int", возможна потеря данных
  MyForm.obj : обнаружен модуль MSIL; для MSIL последовательная компоновка отключена; выполняется полная компоновка
  AutoClicker.vcxproj -> C:\Users\vit_3\source\repos\AutoClicker\x64\Debug\AutoClicker.exe
